mode: atomic
github.com/gerbidror/producer-consumer/lib/distributed-cache/init.go:3.13,6.2 2 1
github.com/gerbidror/producer-consumer/lib/distributed-cache/redis_cache.go:12.37,16.2 1 1
github.com/gerbidror/producer-consumer/lib/distributed-cache/redis_hourly_domain.go:9.59,11.2 1 1
github.com/gerbidror/producer-consumer/lib/distributed-cache/redis_hourly_domain.go:13.81,17.16 3 2
github.com/gerbidror/producer-consumer/lib/distributed-cache/redis_hourly_domain.go:21.2,21.18 1 1
github.com/gerbidror/producer-consumer/lib/distributed-cache/redis_hourly_domain.go:25.2,26.51 2 1
github.com/gerbidror/producer-consumer/lib/distributed-cache/redis_hourly_domain.go:30.2,30.18 1 1
github.com/gerbidror/producer-consumer/lib/distributed-cache/redis_hourly_domain.go:17.16,19.3 1 1
github.com/gerbidror/producer-consumer/lib/distributed-cache/redis_hourly_domain.go:21.18,23.3 1 0
github.com/gerbidror/producer-consumer/lib/distributed-cache/redis_hourly_domain.go:26.51,28.3 1 0
github.com/gerbidror/producer-consumer/lib/distributed-cache/redis_hourly_domain.go:33.83,35.16 2 1
github.com/gerbidror/producer-consumer/lib/distributed-cache/redis_hourly_domain.go:39.2,39.76 1 1
github.com/gerbidror/producer-consumer/lib/distributed-cache/redis_hourly_domain.go:43.2,43.12 1 1
github.com/gerbidror/producer-consumer/lib/distributed-cache/redis_hourly_domain.go:35.16,37.3 1 0
github.com/gerbidror/producer-consumer/lib/distributed-cache/redis_hourly_domain.go:39.76,41.3 1 0
github.com/gerbidror/producer-consumer/lib/distributed-cache/redis_hourly_domain.go:46.53,47.59 1 0
github.com/gerbidror/producer-consumer/lib/distributed-cache/redis_hourly_domain.go:51.2,51.12 1 0
github.com/gerbidror/producer-consumer/lib/distributed-cache/redis_hourly_domain.go:47.59,49.3 1 0
github.com/gerbidror/producer-consumer/lib/distributed-cache/redis_hourly_priority_queue.go:20.71,26.2 2 10
github.com/gerbidror/producer-consumer/lib/distributed-cache/redis_hourly_priority_queue.go:28.87,35.64 3 4
github.com/gerbidror/producer-consumer/lib/distributed-cache/redis_hourly_priority_queue.go:55.2,55.12 1 4
github.com/gerbidror/producer-consumer/lib/distributed-cache/redis_hourly_priority_queue.go:35.64,38.17 3 4
github.com/gerbidror/producer-consumer/lib/distributed-cache/redis_hourly_priority_queue.go:46.3,46.43 1 4
github.com/gerbidror/producer-consumer/lib/distributed-cache/redis_hourly_priority_queue.go:50.3,50.76 1 3
github.com/gerbidror/producer-consumer/lib/distributed-cache/redis_hourly_priority_queue.go:53.3,53.13 1 3
github.com/gerbidror/producer-consumer/lib/distributed-cache/redis_hourly_priority_queue.go:38.17,39.37 1 2
github.com/gerbidror/producer-consumer/lib/distributed-cache/redis_hourly_priority_queue.go:39.37,41.5 1 2
github.com/gerbidror/producer-consumer/lib/distributed-cache/redis_hourly_priority_queue.go:41.10,43.5 1 0
github.com/gerbidror/producer-consumer/lib/distributed-cache/redis_hourly_priority_queue.go:46.43,48.4 1 1
github.com/gerbidror/producer-consumer/lib/distributed-cache/redis_hourly_priority_queue.go:50.76,52.4 1 0
github.com/gerbidror/producer-consumer/lib/distributed-cache/redis_hourly_priority_queue.go:58.93,63.2 4 31
github.com/gerbidror/producer-consumer/lib/distributed-cache/redis_hourly_priority_queue.go:65.87,68.2 2 6
github.com/gerbidror/producer-consumer/lib/distributed-cache/redis_hourly_priority_queue.go:70.59,74.64 4 6
github.com/gerbidror/producer-consumer/lib/distributed-cache/redis_hourly_priority_queue.go:97.2,97.16 1 6
github.com/gerbidror/producer-consumer/lib/distributed-cache/redis_hourly_priority_queue.go:101.2,101.20 1 6
github.com/gerbidror/producer-consumer/lib/distributed-cache/redis_hourly_priority_queue.go:74.64,76.17 2 6
github.com/gerbidror/producer-consumer/lib/distributed-cache/redis_hourly_priority_queue.go:80.3,80.24 1 6
github.com/gerbidror/producer-consumer/lib/distributed-cache/redis_hourly_priority_queue.go:84.3,86.17 3 2
github.com/gerbidror/producer-consumer/lib/distributed-cache/redis_hourly_priority_queue.go:90.3,90.25 1 2
github.com/gerbidror/producer-consumer/lib/distributed-cache/redis_hourly_priority_queue.go:94.3,94.13 1 2
github.com/gerbidror/producer-consumer/lib/distributed-cache/redis_hourly_priority_queue.go:76.17,78.4 1 0
github.com/gerbidror/producer-consumer/lib/distributed-cache/redis_hourly_priority_queue.go:80.24,82.4 1 4
github.com/gerbidror/producer-consumer/lib/distributed-cache/redis_hourly_priority_queue.go:86.17,88.4 1 0
github.com/gerbidror/producer-consumer/lib/distributed-cache/redis_hourly_priority_queue.go:90.25,92.4 1 0
github.com/gerbidror/producer-consumer/lib/distributed-cache/redis_hourly_priority_queue.go:97.16,99.3 1 0
github.com/gerbidror/producer-consumer/lib/distributed-cache/redis_mutex.go:21.34,26.2 1 1
github.com/gerbidror/producer-consumer/lib/distributed-cache/redis_mutex.go:28.53,30.16 2 19
github.com/gerbidror/producer-consumer/lib/distributed-cache/redis_mutex.go:33.2,33.22 1 19
github.com/gerbidror/producer-consumer/lib/distributed-cache/redis_mutex.go:30.16,32.3 1 0
github.com/gerbidror/producer-consumer/lib/distributed-cache/redis_mutex.go:36.47,39.2 2 13
github.com/gerbidror/producer-consumer/lib/distributed-cache/redis_mutex.go:41.78,46.35 4 12
github.com/gerbidror/producer-consumer/lib/distributed-cache/redis_mutex.go:59.2,59.15 1 12
github.com/gerbidror/producer-consumer/lib/distributed-cache/redis_mutex.go:63.2,64.34 2 11
github.com/gerbidror/producer-consumer/lib/distributed-cache/redis_mutex.go:68.2,68.12 1 11
github.com/gerbidror/producer-consumer/lib/distributed-cache/redis_mutex.go:46.35,48.17 2 14
github.com/gerbidror/producer-consumer/lib/distributed-cache/redis_mutex.go:52.3,52.15 1 14
github.com/gerbidror/producer-consumer/lib/distributed-cache/redis_mutex.go:56.3,56.81 1 3
github.com/gerbidror/producer-consumer/lib/distributed-cache/redis_mutex.go:48.17,50.4 1 0
github.com/gerbidror/producer-consumer/lib/distributed-cache/redis_mutex.go:52.15,53.9 1 11
github.com/gerbidror/producer-consumer/lib/distributed-cache/redis_mutex.go:59.15,61.3 1 1
github.com/gerbidror/producer-consumer/lib/distributed-cache/redis_mutex.go:64.34,66.3 1 0
