mode: atomic
github.com/gerbidror/producer-consumer/lib/producers/hourly_domain_clicks_producer.go:17.149,24.2 1 2
github.com/gerbidror/producer-consumer/lib/producers/hourly_domain_clicks_producer.go:26.52,28.51 1 0
github.com/gerbidror/producer-consumer/lib/producers/hourly_domain_clicks_producer.go:32.2,32.37 1 0
github.com/gerbidror/producer-consumer/lib/producers/hourly_domain_clicks_producer.go:36.2,36.12 1 0
github.com/gerbidror/producer-consumer/lib/producers/hourly_domain_clicks_producer.go:28.51,30.3 1 0
github.com/gerbidror/producer-consumer/lib/producers/hourly_domain_clicks_producer.go:32.37,34.3 1 0
github.com/gerbidror/producer-consumer/lib/producers/hourly_domain_clicks_producer.go:39.46,40.37 1 0
github.com/gerbidror/producer-consumer/lib/producers/hourly_domain_clicks_producer.go:40.37,42.3 1 0
github.com/gerbidror/producer-consumer/lib/producers/hourly_domain_clicks_producer.go:45.69,46.31 1 0
github.com/gerbidror/producer-consumer/lib/producers/hourly_domain_clicks_producer.go:57.2,57.12 1 0
github.com/gerbidror/producer-consumer/lib/producers/hourly_domain_clicks_producer.go:46.31,48.17 2 0
github.com/gerbidror/producer-consumer/lib/producers/hourly_domain_clicks_producer.go:52.3,53.38 2 0
github.com/gerbidror/producer-consumer/lib/producers/hourly_domain_clicks_producer.go:48.17,50.4 1 0
github.com/gerbidror/producer-consumer/lib/producers/hourly_domain_clicks_producer.go:53.38,55.4 1 0
github.com/gerbidror/producer-consumer/lib/producers/hourly_domain_clicks_producer.go:60.82,61.6 1 0
github.com/gerbidror/producer-consumer/lib/producers/hourly_domain_clicks_producer.go:61.6,62.10 1 0
github.com/gerbidror/producer-consumer/lib/producers/hourly_domain_clicks_producer.go:63.30,64.64 1 0
github.com/gerbidror/producer-consumer/lib/producers/hourly_domain_clicks_producer.go:64.64,66.5 1 0
github.com/gerbidror/producer-consumer/lib/producers/hourly_domain_clicks_producer.go:71.96,75.74 3 2
github.com/gerbidror/producer-consumer/lib/producers/hourly_domain_clicks_producer.go:98.2,98.16 1 2
github.com/gerbidror/producer-consumer/lib/producers/hourly_domain_clicks_producer.go:103.2,103.65 1 2
github.com/gerbidror/producer-consumer/lib/producers/hourly_domain_clicks_producer.go:75.74,77.17 2 2
github.com/gerbidror/producer-consumer/lib/producers/hourly_domain_clicks_producer.go:85.3,85.25 1 2
github.com/gerbidror/producer-consumer/lib/producers/hourly_domain_clicks_producer.go:89.3,91.86 2 2
github.com/gerbidror/producer-consumer/lib/producers/hourly_domain_clicks_producer.go:95.3,95.13 1 2
github.com/gerbidror/producer-consumer/lib/producers/hourly_domain_clicks_producer.go:77.17,78.54 1 1
github.com/gerbidror/producer-consumer/lib/producers/hourly_domain_clicks_producer.go:78.54,80.5 1 1
github.com/gerbidror/producer-consumer/lib/producers/hourly_domain_clicks_producer.go:80.10,82.5 1 0
github.com/gerbidror/producer-consumer/lib/producers/hourly_domain_clicks_producer.go:85.25,87.4 1 1
github.com/gerbidror/producer-consumer/lib/producers/hourly_domain_clicks_producer.go:91.86,93.4 1 0
github.com/gerbidror/producer-consumer/lib/producers/hourly_domain_clicks_producer.go:98.16,100.3 1 0
