mode: atomic
producer-consumer/lib/parsers/page_view_parser.go:14.53,18.2 1 2
producer-consumer/lib/parsers/page_view_parser.go:20.68,22.16 2 2
producer-consumer/lib/parsers/page_view_parser.go:25.2,29.21 4 1
producer-consumer/lib/parsers/page_view_parser.go:45.2,45.38 1 1
producer-consumer/lib/parsers/page_view_parser.go:49.2,49.23 1 1
producer-consumer/lib/parsers/page_view_parser.go:22.16,24.3 1 1
producer-consumer/lib/parsers/page_view_parser.go:29.21,33.79 3 2
producer-consumer/lib/parsers/page_view_parser.go:37.3,38.17 2 2
producer-consumer/lib/parsers/page_view_parser.go:42.3,42.42 1 2
producer-consumer/lib/parsers/page_view_parser.go:33.79,35.4 1 0
producer-consumer/lib/parsers/page_view_parser.go:38.17,40.4 1 0
producer-consumer/lib/parsers/page_view_parser.go:45.38,47.3 1 0
producer-consumer/lib/parsers/page_view_reader.go:18.64,20.16 2 2
producer-consumer/lib/parsers/page_view_reader.go:23.2,30.22 2 2
producer-consumer/lib/parsers/page_view_reader.go:20.16,22.3 1 0
